<?xml version="1.0" encoding="UTF-8"?>
<!-- Generated by org.testng.reporters.JUnitXMLReporter -->
<testsuite hostname="DR-INDTPTY-003" ignored="0" name="Regression suite 1" tests="3" failures="0" timestamp="11 Oct 2018 09:42:06 GMT" time="48.89" errors="0">
  <testcase name="flightJourneyDate" time="37.238" classname="com.testscripts.YatraTestScript"/>
  <testcase name="flightList" time="9.623" classname="com.testscripts.YatraTestScript"/>
  <testcase name="travellerDetails" time="1.984" classname="com.testscripts.YatraTestScript"/>
</testsuite> <!-- Regression suite 1 -->
