<?xml version="1.0" encoding="UTF-8"?>
<testng-results ignored="0" total="1" passed="1" failed="0" skipped="0">
  <reporter-output>
  </reporter-output>
  <suite started-at="2022-09-06T10:36:34Z" name="Default suite" finished-at="2022-09-06T10:36:34Z" duration-ms="24">
    <groups>
    </groups>
    <test started-at="2022-09-06T10:36:34Z" name="Default test" finished-at="2022-09-06T10:36:34Z" duration-ms="24">
      <class name="com.testscripts.SoftAssertions">
        <test-method signature="test()[pri:0, instance:com.testscripts.SoftAssertions@225129c]" started-at="2022-09-06T16:06:34Z" name="test" finished-at="2022-09-06T16:06:34Z" duration-ms="9" status="PASS">
          <reporter-output>
          </reporter-output>
        </test-method> <!-- test -->
      </class> <!-- com.testscripts.SoftAssertions -->
    </test> <!-- Default test -->
  </suite> <!-- Default suite -->
</testng-results>
